5.12.2022, 21:09:01 - INFO - Server is running on port: 3030 
5.12.2022, 21:10:47 - DEBUG - Getting Gigs 
5.12.2022, 21:10:47 - ERROR - cannot find gigs | ReferenceError: logger is not defined 
5.12.2022, 21:10:47 - ERROR - Failed to get gigs | ReferenceError: logger is not defined 
5.12.2022, 21:12:38 - INFO - Server is running on port: 3030 
5.12.2022, 21:12:42 - DEBUG - Getting Gigs 
5.12.2022, 21:12:42 - ERROR - cannot find gigs | ReferenceError: logger is not defined 
5.12.2022, 21:12:42 - ERROR - Failed to get gigs | ReferenceError: logger is not defined 
5.12.2022, 21:13:14 - INFO - Server is running on port: 3030 
5.12.2022, 21:13:18 - DEBUG - Getting Gigs 
5.12.2022, 21:13:18 - ERROR - cannot find gigs | ReferenceError: logger is not defined 
5.12.2022, 21:13:18 - ERROR - Failed to get gigs | ReferenceError: logger is not defined 
5.12.2022, 21:19:46 - ERROR - cannot find gigs | ReferenceError: logger is not defined 
5.12.2022, 21:19:46 - DEBUG - Getting Gigs 
5.12.2022, 21:19:46 - ERROR - Failed to get gigs | ReferenceError: logger is not defined 
5.12.2022, 21:22:19 - INFO - Server is running on port: 3030 
5.12.2022, 21:22:23 - DEBUG - Getting Gigs 
5.12.2022, 21:22:23 - ERROR - cannot find gigs | ReferenceError: logger is not defined 
5.12.2022, 21:22:23 - ERROR - Failed to get gigs | ReferenceError: logger is not defined 
5.12.2022, 21:22:30 - INFO - Server is running on port: 3030 
5.12.2022, 21:22:55 - INFO - Server is running on port: 3030 
5.12.2022, 21:22:59 - DEBUG - Getting Gigs 
5.12.2022, 21:22:59 - ERROR - cannot find gigs | ReferenceError: logger is not defined 
5.12.2022, 21:22:59 - ERROR - Failed to get gigs | ReferenceError: logger is not defined 
5.12.2022, 21:24:24 - INFO - Server is running on port: 3030 
5.12.2022, 21:24:25 - INFO - Server is running on port: 3030 
5.12.2022, 21:24:57 - INFO - Server is running on port: 3030 
5.12.2022, 21:24:59 - INFO - Server is running on port: 3030 
5.12.2022, 21:25:01 - INFO - Server is running on port: 3030 
5.12.2022, 21:25:08 - DEBUG - Getting Gigs 
5.12.2022, 21:25:08 - ERROR - cannot find gigs | ReferenceError: logger is not defined 
5.12.2022, 21:25:08 - ERROR - Failed to get gigs | ReferenceError: logger is not defined 
5.12.2022, 21:26:28 - INFO - Server is running on port: 3030 
5.12.2022, 21:27:06 - INFO - Server is running on port: 3030 
5.12.2022, 21:28:35 - INFO - Server is running on port: 3030 
5.12.2022, 21:29:09 - INFO - Server is running on port: 3030 
5.12.2022, 21:29:59 - INFO - Server is running on port: 3030 
5.12.2022, 21:30:15 - INFO - Server is running on port: 3030 
5.12.2022, 21:30:40 - DEBUG - Getting Gigs 
5.12.2022, 21:30:40 - ERROR - cannot find gigs | ReferenceError: logger is not defined 
5.12.2022, 21:30:40 - ERROR - Failed to get gigs | ReferenceError: logger is not defined 
5.12.2022, 21:31:07 - INFO - Server is running on port: 3030 
5.12.2022, 21:31:14 - DEBUG - Getting Gigs 
5.12.2022, 21:31:14 - ERROR - cannot find gigs | ReferenceError: logger is not defined 
5.12.2022, 21:31:14 - ERROR - Failed to get gigs | ReferenceError: logger is not defined 
5.12.2022, 21:31:34 - INFO - Server is running on port: 3030 
5.12.2022, 21:31:59 - INFO - Server is running on port: 3030 
5.12.2022, 21:32:01 - DEBUG - Getting Gigs 
5.12.2022, 21:32:01 - ERROR - cannot find gigs | ReferenceError: logger is not defined 
5.12.2022, 21:32:01 - ERROR - Failed to get gigs | ReferenceError: logger is not defined 
5.12.2022, 21:35:15 - INFO - Server is running on port: 3030 
5.12.2022, 21:35:20 - DEBUG - Getting Gigs 
5.12.2022, 21:35:20 - ERROR - cannot find gigs | ReferenceError: logger is not defined 
5.12.2022, 21:35:20 - ERROR - Failed to get gigs | ReferenceError: logger is not defined 
5.12.2022, 21:35:35 - INFO - Server is running on port: 3030 
5.12.2022, 21:35:39 - DEBUG - Getting Gigs 
5.12.2022, 21:35:39 - ERROR - cannot find gigs | ReferenceError: logger is not defined 
5.12.2022, 21:35:39 - ERROR - Failed to get gigs | ReferenceError: logger is not defined 
5.12.2022, 21:37:24 - INFO - Server is running on port: 3030 
5.12.2022, 21:37:29 - DEBUG - Getting Gigs 
5.12.2022, 21:37:59 - ERROR - cannot find gigs | ReferenceError: logger is not defined 
5.12.2022, 21:37:59 - ERROR - Failed to get gigs | ReferenceError: logger is not defined 
5.12.2022, 21:38:13 - DEBUG - Getting Gigs 
5.12.2022, 21:38:35 - DEBUG - Getting Gigs 
5.12.2022, 21:38:43 - ERROR - cannot find gigs | ReferenceError: logger is not defined 
5.12.2022, 21:38:43 - ERROR - Failed to get gigs | ReferenceError: logger is not defined 
5.12.2022, 21:39:05 - ERROR - cannot find gigs | ReferenceError: logger is not defined 
5.12.2022, 21:39:05 - ERROR - Failed to get gigs | ReferenceError: logger is not defined 
5.12.2022, 21:40:15 - INFO - Server is running on port: 3030 
5.12.2022, 21:40:19 - DEBUG - Getting Gigs 
5.12.2022, 21:42:34 - INFO - Server is running on port: 3030 
5.12.2022, 21:42:39 - DEBUG - Getting Gigs 
5.12.2022, 21:43:09 - ERROR - cannot find gigs | ReferenceError: logger is not defined 
5.12.2022, 21:43:09 - ERROR - Failed to get gigs | ReferenceError: logger is not defined 
5.12.2022, 21:43:12 - INFO - Server is running on port: 3030 
5.12.2022, 21:43:16 - DEBUG - Getting Gigs 
5.12.2022, 21:43:46 - ERROR - cannot find gigs | ReferenceError: logger is not defined 
5.12.2022, 21:43:46 - ERROR - Failed to get gigs | ReferenceError: logger is not defined 
5.12.2022, 21:47:16 - DEBUG - Getting Gigs 
5.12.2022, 21:47:46 - ERROR - cannot find gigs | ReferenceError: logger is not defined 
5.12.2022, 21:47:46 - ERROR - Failed to get gigs | ReferenceError: logger is not defined 
5.12.2022, 21:49:31 - DEBUG - Getting Gigs 
5.12.2022, 21:50:02 - ERROR - cannot find gigs | ReferenceError: logger is not defined 
5.12.2022, 21:50:02 - ERROR - Failed to get gigs | ReferenceError: logger is not defined 
5.12.2022, 21:50:15 - INFO - Server is running on port: 3030 
5.12.2022, 21:50:21 - DEBUG - Getting Gigs 
5.12.2022, 21:50:51 - ERROR - cannot find gigs | ReferenceError: logger is not defined 
5.12.2022, 21:50:51 - ERROR - Failed to get gigs | ReferenceError: logger is not defined 
5.12.2022, 21:52:57 - INFO - Server is running on port: 3030 
5.12.2022, 21:53:03 - DEBUG - Getting Gigs 
5.12.2022, 21:53:33 - ERROR - cannot find gigs | ReferenceError: logger is not defined 
5.12.2022, 21:53:33 - ERROR - Failed to get gigs | ReferenceError: logger is not defined 
5.12.2022, 21:53:36 - INFO - Server is running on port: 3030 
5.12.2022, 21:53:48 - DEBUG - Getting Gigs 
5.12.2022, 21:56:01 - DEBUG - Getting Gigs 
5.12.2022, 21:59:18 - INFO - Server is running on port: 3030 
6.12.2022, 20:28:01 - INFO - Server is running on port: 3030 
6.12.2022, 20:28:09 - DEBUG - Getting Gigs 
6.12.2022, 20:28:23 - DEBUG - Getting Gigs 
6.12.2022, 20:28:27 - DEBUG - Getting Gigs 
6.12.2022, 20:28:58 - ERROR - while finding gig g1 | Error: Argument passed in must be a single String of 12 bytes or a string of 24 hex characters 
6.12.2022, 20:28:58 - ERROR - Failed to get gig | Error: Argument passed in must be a single String of 12 bytes or a string of 24 hex characters 
6.12.2022, 20:28:58 - ERROR - Failed to get gig | Error: Argument passed in must be a single String of 12 bytes or a string of 24 hex characters 
6.12.2022, 20:28:58 - ERROR - while finding gig g4 | Error: Argument passed in must be a single String of 12 bytes or a string of 24 hex characters 
6.12.2022, 20:28:58 - ERROR - Failed to get gig | Error: Argument passed in must be a single String of 12 bytes or a string of 24 hex characters 
6.12.2022, 20:28:58 - ERROR - while finding gig rR2yTb | Error: Argument passed in must be a single String of 12 bytes or a string of 24 hex characters 
6.12.2022, 20:28:58 - ERROR - Failed to get gig | Error: Argument passed in must be a single String of 12 bytes or a string of 24 hex characters 
6.12.2022, 20:28:58 - ERROR - while finding gig 4l0Sm8 | Error: Argument passed in must be a single String of 12 bytes or a string of 24 hex characters 
6.12.2022, 20:29:01 - DEBUG - Getting Gigs 
6.12.2022, 20:29:15 - DEBUG - Getting Gigs 
6.12.2022, 20:29:16 - DEBUG - Getting Gigs 
6.12.2022, 20:29:21 - ERROR - while finding gig g2 | Error: Argument passed in must be a single String of 12 bytes or a string of 24 hex characters 
6.12.2022, 20:29:21 - ERROR - Failed to get gig | Error: Argument passed in must be a single String of 12 bytes or a string of 24 hex characters 
6.12.2022, 20:29:21 - ERROR - Failed to get gig | Error: Argument passed in must be a single String of 12 bytes or a string of 24 hex characters 
6.12.2022, 20:29:21 - ERROR - while finding gig g5 | Error: Argument passed in must be a single String of 12 bytes or a string of 24 hex characters 
6.12.2022, 20:29:38 - DEBUG - Getting Gigs 
6.12.2022, 20:29:42 - ERROR - while finding gig g2 | Error: Argument passed in must be a single String of 12 bytes or a string of 24 hex characters 
6.12.2022, 20:29:42 - ERROR - Failed to get gig | Error: Argument passed in must be a single String of 12 bytes or a string of 24 hex characters 
6.12.2022, 20:29:42 - ERROR - while finding gig g5 | Error: Argument passed in must be a single String of 12 bytes or a string of 24 hex characters 
6.12.2022, 20:29:42 - ERROR - Failed to get gig | Error: Argument passed in must be a single String of 12 bytes or a string of 24 hex characters 
6.12.2022, 20:29:46 - DEBUG - Getting Gigs 
6.12.2022, 20:57:11 - DEBUG - Getting Gigs 
6.12.2022, 20:59:48 - ERROR - while finding gig g2 | Error: Argument passed in must be a single String of 12 bytes or a string of 24 hex characters 
6.12.2022, 20:59:48 - ERROR - Failed to get gig | Error: Argument passed in must be a single String of 12 bytes or a string of 24 hex characters 
6.12.2022, 20:59:48 - ERROR - while finding gig g5 | Error: Argument passed in must be a single String of 12 bytes or a string of 24 hex characters 
6.12.2022, 20:59:48 - ERROR - Failed to get gig | Error: Argument passed in must be a single String of 12 bytes or a string of 24 hex characters 
6.12.2022, 21:56:27 - DEBUG - Getting Gigs 
6.12.2022, 21:56:35 - ERROR - while finding gig g2 | Error: Argument passed in must be a single String of 12 bytes or a string of 24 hex characters 
6.12.2022, 21:56:35 - ERROR - Failed to get gig | Error: Argument passed in must be a single String of 12 bytes or a string of 24 hex characters 
6.12.2022, 21:56:35 - ERROR - while finding gig g5 | Error: Argument passed in must be a single String of 12 bytes or a string of 24 hex characters 
6.12.2022, 21:56:35 - ERROR - Failed to get gig | Error: Argument passed in must be a single String of 12 bytes or a string of 24 hex characters 
6.12.2022, 21:57:00 - DEBUG - Getting Gigs 
6.12.2022, 21:57:09 - ERROR - while finding gig g2 | Error: Argument passed in must be a single String of 12 bytes or a string of 24 hex characters 
6.12.2022, 21:57:09 - ERROR - Failed to get gig | Error: Argument passed in must be a single String of 12 bytes or a string of 24 hex characters 
6.12.2022, 21:57:09 - ERROR - while finding gig g5 | Error: Argument passed in must be a single String of 12 bytes or a string of 24 hex characters 
6.12.2022, 21:57:09 - ERROR - Failed to get gig | Error: Argument passed in must be a single String of 12 bytes or a string of 24 hex characters 
6.12.2022, 22:00:37 - DEBUG - Getting Gigs 
6.12.2022, 22:06:03 - DEBUG - Getting Gigs 
6.12.2022, 22:06:07 - ERROR - while finding gig g2 | Error: Argument passed in must be a single String of 12 bytes or a string of 24 hex characters 
6.12.2022, 22:06:07 - ERROR - Failed to get gig | Error: Argument passed in must be a single String of 12 bytes or a string of 24 hex characters 
6.12.2022, 22:06:07 - ERROR - while finding gig g5 | Error: Argument passed in must be a single String of 12 bytes or a string of 24 hex characters 
6.12.2022, 22:06:07 - ERROR - Failed to get gig | Error: Argument passed in must be a single String of 12 bytes or a string of 24 hex characters 
6.12.2022, 22:06:09 - DEBUG - Getting Gigs 
6.12.2022, 22:52:52 - ERROR - Failed to get gig | Error: Argument passed in must be a single String of 12 bytes or a string of 24 hex characters 
6.12.2022, 22:52:52 - ERROR - while finding gig g5 | Error: Argument passed in must be a single String of 12 bytes or a string of 24 hex characters 
6.12.2022, 22:52:52 - ERROR - Failed to get gig | Error: Argument passed in must be a single String of 12 bytes or a string of 24 hex characters 
6.12.2022, 22:52:52 - ERROR - while finding gig g2 | Error: Argument passed in must be a single String of 12 bytes or a string of 24 hex characters 
6.12.2022, 22:52:58 - DEBUG - Getting Gigs 
6.12.2022, 22:53:41 - DEBUG - Getting Gigs 
6.12.2022, 22:53:49 - ERROR - while finding gig g2 | Error: Argument passed in must be a single String of 12 bytes or a string of 24 hex characters 
6.12.2022, 22:53:49 - ERROR - Failed to get gig | Error: Argument passed in must be a single String of 12 bytes or a string of 24 hex characters 
6.12.2022, 22:53:49 - ERROR - while finding gig g5 | Error: Argument passed in must be a single String of 12 bytes or a string of 24 hex characters 
6.12.2022, 22:53:49 - ERROR - Failed to get gig | Error: Argument passed in must be a single String of 12 bytes or a string of 24 hex characters 
6.12.2022, 23:01:17 - ERROR - while finding gig g2 | Error: Argument passed in must be a single String of 12 bytes or a string of 24 hex characters 
6.12.2022, 23:01:17 - ERROR - Failed to get gig | Error: Argument passed in must be a single String of 12 bytes or a string of 24 hex characters 
6.12.2022, 23:01:17 - ERROR - while finding gig g5 | Error: Argument passed in must be a single String of 12 bytes or a string of 24 hex characters 
6.12.2022, 23:01:17 - ERROR - Failed to get gig | Error: Argument passed in must be a single String of 12 bytes or a string of 24 hex characters 
6.12.2022, 23:03:14 - DEBUG - Getting Gigs 
6.12.2022, 23:05:29 - DEBUG - Getting Gigs 
6.12.2022, 23:05:33 - ERROR - while finding gig g2 | Error: Argument passed in must be a single String of 12 bytes or a string of 24 hex characters 
6.12.2022, 23:05:33 - ERROR - Failed to get gig | Error: Argument passed in must be a single String of 12 bytes or a string of 24 hex characters 
6.12.2022, 23:05:33 - ERROR - while finding gig g5 | Error: Argument passed in must be a single String of 12 bytes or a string of 24 hex characters 
6.12.2022, 23:05:33 - ERROR - Failed to get gig | Error: Argument passed in must be a single String of 12 bytes or a string of 24 hex characters 
6.12.2022, 23:05:56 - DEBUG - Getting Gigs 
6.12.2022, 23:05:58 - DEBUG - Getting Gigs 
6.12.2022, 23:06:02 - DEBUG - Getting Gigs 
6.12.2022, 23:06:23 - DEBUG - Getting Gigs 
6.12.2022, 23:06:34 - DEBUG - Getting Gigs 
6.12.2022, 23:06:42 - DEBUG - Getting Gigs 
6.12.2022, 23:06:48 - DEBUG - Getting Gigs 
6.12.2022, 23:07:12 - DEBUG - Getting Gigs 
6.12.2022, 23:07:16 - DEBUG - Getting Gigs 
6.12.2022, 23:07:23 - DEBUG - Getting Gigs 
6.12.2022, 23:08:53 - DEBUG - Getting Gigs 
6.12.2022, 23:09:01 - DEBUG - Getting Gigs 
6.12.2022, 23:12:54 - DEBUG - Getting Gigs 
6.12.2022, 23:14:05 - DEBUG - Getting Gigs 
6.12.2022, 23:14:06 - DEBUG - Getting Gigs 
6.12.2022, 23:14:15 - DEBUG - auth.service - login with username: itzik 
6.12.2022, 23:14:15 - INFO - User login:  | {"_id":"638f9e184c12c7b025dc313d","fullname":"itzik","imgUrl":"./src/imgs/user-img/itzik.jpg","username":"itzik","level":"level 1","isAdmin":true,"rate":4.2,"gigs":[{"_id":"g1","title":"I will design your logo"},{"_id":"g4","title":"I will grow instagram marketing instagram promotion to get targeted instagram followers "}],"reviews":[{"id":"r1","gig":{"_id":"g1","title":"I will design your logo"},"txt":"Very kind and works fast","rate":4,"by":{"_id":"2","fullname":"naor","imgUrl":"./src/imgs/user-img/Naor-Fiss.jpeg"}}]} 
6.12.2022, 23:14:16 - DEBUG - Getting Gigs (userId: 638f9e184c12c7b025dc313d)
6.12.2022, 23:14:24 - ERROR - while finding gig g1 | Error: Argument passed in must be a single String of 12 bytes or a string of 24 hex characters (userId: 638f9e184c12c7b025dc313d)
6.12.2022, 23:14:24 - ERROR - Failed to get gig | Error: Argument passed in must be a single String of 12 bytes or a string of 24 hex characters (userId: 638f9e184c12c7b025dc313d)
6.12.2022, 23:14:24 - ERROR - while finding gig g4 | Error: Argument passed in must be a single String of 12 bytes or a string of 24 hex characters (userId: 638f9e184c12c7b025dc313d)
6.12.2022, 23:14:24 - ERROR - Failed to get gig | Error: Argument passed in must be a single String of 12 bytes or a string of 24 hex characters (userId: 638f9e184c12c7b025dc313d)
6.12.2022, 23:14:57 - DEBUG - Getting Gigs (userId: 638f9e184c12c7b025dc313d)
6.12.2022, 23:18:41 - DEBUG - Getting Gigs (userId: 638f9e184c12c7b025dc313d)
6.12.2022, 23:18:44 - ERROR - while finding gig g1 | Error: Argument passed in must be a single String of 12 bytes or a string of 24 hex characters (userId: 638f9e184c12c7b025dc313d)
6.12.2022, 23:18:44 - ERROR - Failed to get gig | Error: Argument passed in must be a single String of 12 bytes or a string of 24 hex characters (userId: 638f9e184c12c7b025dc313d)
6.12.2022, 23:18:44 - ERROR - while finding gig g4 | Error: Argument passed in must be a single String of 12 bytes or a string of 24 hex characters (userId: 638f9e184c12c7b025dc313d)
6.12.2022, 23:18:44 - ERROR - Failed to get gig | Error: Argument passed in must be a single String of 12 bytes or a string of 24 hex characters (userId: 638f9e184c12c7b025dc313d)
6.12.2022, 23:18:51 - DEBUG - Getting Gigs (userId: 638f9e184c12c7b025dc313d)
6.12.2022, 23:20:00 - ERROR - while finding gig g1 | Error: Argument passed in must be a single String of 12 bytes or a string of 24 hex characters (userId: 638f9e184c12c7b025dc313d)
6.12.2022, 23:20:00 - ERROR - Failed to get gig | Error: Argument passed in must be a single String of 12 bytes or a string of 24 hex characters (userId: 638f9e184c12c7b025dc313d)
6.12.2022, 23:20:00 - ERROR - Failed to get gig | Error: Argument passed in must be a single String of 12 bytes or a string of 24 hex characters (userId: 638f9e184c12c7b025dc313d)
6.12.2022, 23:20:00 - ERROR - while finding gig g4 | Error: Argument passed in must be a single String of 12 bytes or a string of 24 hex characters (userId: 638f9e184c12c7b025dc313d)
6.12.2022, 23:22:03 - ERROR - while finding gig g1 | Error: Argument passed in must be a single String of 12 bytes or a string of 24 hex characters (userId: 638f9e184c12c7b025dc313d)
6.12.2022, 23:22:03 - ERROR - Failed to get gig | Error: Argument passed in must be a single String of 12 bytes or a string of 24 hex characters (userId: 638f9e184c12c7b025dc313d)
6.12.2022, 23:22:03 - ERROR - while finding gig g4 | Error: Argument passed in must be a single String of 12 bytes or a string of 24 hex characters (userId: 638f9e184c12c7b025dc313d)
6.12.2022, 23:22:03 - ERROR - Failed to get gig | Error: Argument passed in must be a single String of 12 bytes or a string of 24 hex characters (userId: 638f9e184c12c7b025dc313d)
6.12.2022, 23:23:01 - ERROR - while finding gig g1 | Error: Argument passed in must be a single String of 12 bytes or a string of 24 hex characters (userId: 638f9e184c12c7b025dc313d)
6.12.2022, 23:23:01 - ERROR - Failed to get gig | Error: Argument passed in must be a single String of 12 bytes or a string of 24 hex characters (userId: 638f9e184c12c7b025dc313d)
6.12.2022, 23:23:01 - ERROR - while finding gig g4 | Error: Argument passed in must be a single String of 12 bytes or a string of 24 hex characters (userId: 638f9e184c12c7b025dc313d)
6.12.2022, 23:23:01 - ERROR - Failed to get gig | Error: Argument passed in must be a single String of 12 bytes or a string of 24 hex characters (userId: 638f9e184c12c7b025dc313d)
6.12.2022, 23:23:29 - ERROR - while finding gig g1 | Error: Argument passed in must be a single String of 12 bytes or a string of 24 hex characters (userId: 638f9e184c12c7b025dc313d)
6.12.2022, 23:23:29 - ERROR - Failed to get gig | Error: Argument passed in must be a single String of 12 bytes or a string of 24 hex characters (userId: 638f9e184c12c7b025dc313d)
6.12.2022, 23:23:29 - ERROR - while finding gig g4 | Error: Argument passed in must be a single String of 12 bytes or a string of 24 hex characters (userId: 638f9e184c12c7b025dc313d)
6.12.2022, 23:23:29 - ERROR - Failed to get gig | Error: Argument passed in must be a single String of 12 bytes or a string of 24 hex characters (userId: 638f9e184c12c7b025dc313d)
6.12.2022, 23:31:11 - DEBUG - Getting Gigs (userId: 638f9e184c12c7b025dc313d)
6.12.2022, 23:33:39 - DEBUG - Getting Gigs (userId: 638f9e184c12c7b025dc313d)
6.12.2022, 23:35:07 - DEBUG - Getting Gigs (userId: 638f9e184c12c7b025dc313d)
6.12.2022, 23:36:48 - DEBUG - Getting Gigs (userId: 638f9e184c12c7b025dc313d)
6.12.2022, 23:38:01 - DEBUG - Getting Gigs (userId: 638f9e184c12c7b025dc313d)
6.12.2022, 23:38:26 - DEBUG - Getting Gigs (userId: 638f9e184c12c7b025dc313d)
6.12.2022, 23:38:33 - DEBUG - Getting Gigs (userId: 638f9e184c12c7b025dc313d)
6.12.2022, 23:39:12 - DEBUG - Getting Gigs (userId: 638f9e184c12c7b025dc313d)
6.12.2022, 23:39:23 - DEBUG - Getting Gigs (userId: 638f9e184c12c7b025dc313d)
6.12.2022, 23:39:31 - DEBUG - Getting Gigs (userId: 638f9e184c12c7b025dc313d)
6.12.2022, 23:41:03 - DEBUG - Getting Gigs (userId: 638f9e184c12c7b025dc313d)
6.12.2022, 23:41:09 - DEBUG - Getting Gigs (userId: 638f9e184c12c7b025dc313d)
6.12.2022, 23:41:38 - DEBUG - Getting Gigs (userId: 638f9e184c12c7b025dc313d)
6.12.2022, 23:47:50 - DEBUG - Getting Gigs (userId: 638f9e184c12c7b025dc313d)
6.12.2022, 23:49:10 - DEBUG - Getting Gigs (userId: 638f9e184c12c7b025dc313d)
6.12.2022, 23:49:21 - DEBUG - Getting Gigs (userId: 638f9e184c12c7b025dc313d)
6.12.2022, 23:50:38 - DEBUG - Getting Gigs (userId: 638f9e184c12c7b025dc313d)
6.12.2022, 23:50:48 - DEBUG - Getting Gigs (userId: 638f9e184c12c7b025dc313d)
6.12.2022, 23:51:42 - DEBUG - Getting Gigs (userId: 638f9e184c12c7b025dc313d)
6.12.2022, 23:51:52 - DEBUG - Getting Gigs (userId: 638f9e184c12c7b025dc313d)
6.12.2022, 23:54:23 - DEBUG - Getting Gigs (userId: 638f9e184c12c7b025dc313d)
6.12.2022, 23:55:45 - INFO - Server is running on port: 3030 
6.12.2022, 23:55:53 - DEBUG - Getting Gigs (userId: 638f9e184c12c7b025dc313d)
6.12.2022, 23:56:48 - INFO - Server is running on port: 3030 
6.12.2022, 23:56:56 - DEBUG - Getting Gigs (userId: 638f9e184c12c7b025dc313d)
6.12.2022, 23:58:00 - INFO - Server is running on port: 3030 
6.12.2022, 23:58:09 - DEBUG - Getting Gigs (userId: 638f9e184c12c7b025dc313d)
6.12.2022, 23:58:53 - INFO - Server is running on port: 3030 
6.12.2022, 23:59:39 - INFO - Server is running on port: 3030 
7.12.2022, 0:00:08 - DEBUG - Getting Gigs (userId: 638f9e184c12c7b025dc313d)
7.12.2022, 0:00:36 - INFO - Server is running on port: 3030 
7.12.2022, 0:00:43 - DEBUG - Getting Gigs (userId: 638f9e184c12c7b025dc313d)
7.12.2022, 0:01:07 - INFO - Server is running on port: 3030 
7.12.2022, 0:01:10 - INFO - Server is running on port: 3030 
7.12.2022, 0:01:17 - DEBUG - Getting Gigs (userId: 638f9e184c12c7b025dc313d)
7.12.2022, 0:02:31 - INFO - Server is running on port: 3030 
7.12.2022, 0:03:18 - INFO - Server is running on port: 3030 
7.12.2022, 0:03:25 - ERROR - cannot update user 638f9e184c12c7b025dc313d | MongoError: Performing an update on the path '_id' would modify the immutable field '_id' (userId: 638f9e184c12c7b025dc313d)
7.12.2022, 0:03:25 - ERROR - Failed to update user | MongoError: Performing an update on the path '_id' would modify the immutable field '_id' (userId: 638f9e184c12c7b025dc313d)
7.12.2022, 0:04:21 - INFO - Server is running on port: 3030 
7.12.2022, 0:04:25 - DEBUG - Getting Gigs (userId: 638f9e184c12c7b025dc313d)
7.12.2022, 0:07:49 - DEBUG - Getting Gigs (userId: 638f9e184c12c7b025dc313d)
7.12.2022, 8:18:50 - DEBUG - Getting Gigs (userId: 638f9e184c12c7b025dc313d)
7.12.2022, 8:25:27 - DEBUG - Getting Gigs (userId: 638f9e184c12c7b025dc313d)
7.12.2022, 8:41:19 - INFO - Server is running on port: 3030 
7.12.2022, 8:46:37 - INFO - Server is running on port: 3030 
7.12.2022, 8:46:49 - INFO - Server is running on port: 3030 
7.12.2022, 8:47:42 - DEBUG - Getting Gigs (userId: 638f9e184c12c7b025dc313d)
7.12.2022, 8:51:13 - DEBUG - Getting Gigs (userId: 638f9e184c12c7b025dc313d)
7.12.2022, 8:53:01 - INFO - Server is running on port: 3030 
7.12.2022, 8:57:40 - DEBUG - Getting Gigs (userId: 638f9e184c12c7b025dc313d)
7.12.2022, 9:04:35 - DEBUG - Getting Gigs (userId: 638f9e184c12c7b025dc313d)
7.12.2022, 9:05:34 - DEBUG - Getting Gigs (userId: 638f9e184c12c7b025dc313d)
7.12.2022, 9:07:26 - INFO - Server is running on port: 3030 
7.12.2022, 9:10:33 - INFO - Server is running on port: 3030 
7.12.2022, 9:10:53 - DEBUG - Getting Gigs (userId: 638f9e184c12c7b025dc313d)
7.12.2022, 9:13:26 - DEBUG - Getting Gigs (userId: 638f9e184c12c7b025dc313d)
